Total messages: 4 (Errors: 2, Warnings: 0)
Returning 5 messages for level "error"

[ERROR] Failed to load resource: the server responded with a status of 500 (Internal Server Error) @ http://localhost:3000/?_rsc=1e52p:0
[ERROR] Failed to load resource: the server responded with a status of 500 (Internal Server Error) @ http://localhost:3000/:0
[ERROR] Failed to load resource: the server responded with a status of 500 (Internal Server Error) @ http://localhost:3000/:0
Error: Your project's URL and Key are required to create a Supabase client!

Check your Supabase project's API settings to find these values

https://supabase.com/dashboard/project/_/settings/api
    at <unknown> (https://supabase.com/dashboard/project/_/settings/api)
    at createServerClient (file:///home/asepulvedadev/dev/getcave/.next/dev/server/chunks/0ka1_0pwc4u-._.js:14407:15)
    at proxy (file:///home/asepulvedadev/dev/getcave/.next/dev/server/chunks/[root-of-the-server]__0020rke._.js:115:229)
    at <unknown> (file:///home/asepulvedadev/dev/getcave/.next/dev/server/chunks/0ka1_next_0aix5up._.js:19506:26)
    at AsyncLocalStorage.run (node:async_hooks:346:14)
    at <unknown> (file:///home/asepulvedadev/dev/getcave/.next/dev/server/chunks/0ka1_next_0aix5up._.js:7043:633)
    at AsyncLocalStorage.run (node:async_hooks:346:14)
    at <unknown> (file:///home/asepulvedadev/dev/getcave/.next/dev/server/chunks/0ka1_next_0aix5up._.js:7043:314)
    at async adapter (file:///home/asepulvedadev/dev/getcave/.next/dev/server/chunks/0ka1_next_0aix5up._.js:6998:16)
    at async DevServer.runMiddleware (file:///home/asepulvedadev/dev/getcave/node_modules/next/dist/server/next-server.js:1192:26)
    at async DevServer.runMiddleware (file:///home/asepulvedadev/dev/getcave/node_modules/next/dist/server/dev/next-dev-server.js:278:28)
    at async NextNodeServer.handleCatchallMiddlewareRequest (file:///home/asepulvedadev/dev/getcave/node_modules/next/dist/server/next-server.js:392:26)
    at async DevServer.handleRequestImpl (file:///home/asepulvedadev/dev/getcave/node_modules/next/dist/server/base-server.js:940:28)
    at async (file:///home/asepulvedadev/dev/getcave/node_modules/next/dist/server/dev/next-dev-server.js:394:20)
    at async Span.traceAsyncFn (file:///home/asepulvedadev/dev/getcave/node_modules/next/dist/trace/trace.js:164:20)
    at async DevServer.handleRequest (file:///home/asepulvedadev/dev/getcave/node_modules/next/dist/server/dev/next-dev-server.js:390:24)
    at async handleRoute (file:///home/asepulvedadev/dev/getcave/node_modules/next/dist/server/lib/router-utils/resolve-routes.js:352:33)
    at async resolveRoutes (file:///home/asepulvedadev/dev/getcave/node_modules/next/dist/server/lib/router-utils/resolve-routes.js:608:28)
    at async handleRequest (file:///home/asepulvedadev/dev/getcave/node_modules/next/dist/server/lib/router-server.js:301:96)
    at async requestHandlerImpl (file:///home/asepulvedadev/dev/getcave/node_modules/next/dist/server/lib/router-server.js:501:13)
    at async Server.requestListener (file:///home/asepulvedadev/dev/getcave/node_modules/next/dist/server/lib/start-server.js:225:13)
Error: Your project's URL and Key are required to create a Supabase client!

Check your Supabase project's API settings to find these values

https://supabase.com/dashboard/project/_/settings/api
    at <unknown> (https://supabase.com/dashboard/project/_/settings/api)
    at createServerClient (file:///home/asepulvedadev/dev/getcave/.next/dev/server/chunks/0ka1_0pwc4u-._.js:14407:15)
    at proxy (file:///home/asepulvedadev/dev/getcave/.next/dev/server/chunks/[root-of-the-server]__0020rke._.js:115:229)
    at <unknown> (file:///home/asepulvedadev/dev/getcave/.next/dev/server/chunks/0ka1_next_0aix5up._.js:19506:26)
    at AsyncLocalStorage.run (node:async_hooks:346:14)
    at <unknown> (file:///home/asepulvedadev/dev/getcave/.next/dev/server/chunks/0ka1_next_0aix5up._.js:7043:633)
    at AsyncLocalStorage.run (node:async_hooks:346:14)
    at <unknown> (file:///home/asepulvedadev/dev/getcave/.next/dev/server/chunks/0ka1_next_0aix5up._.js:7043:314)
    at async adapter (file:///home/asepulvedadev/dev/getcave/.next/dev/server/chunks/0ka1_next_0aix5up._.js:6998:16)
    at async DevServer.runMiddleware (file:///home/asepulvedadev/dev/getcave/node_modules/next/dist/server/next-server.js:1192:26)
    at async DevServer.runMiddleware (file:///home/asepulvedadev/dev/getcave/node_modules/next/dist/server/dev/next-dev-server.js:278:28)
    at async NextNodeServer.handleCatchallMiddlewareRequest (file:///home/asepulvedadev/dev/getcave/node_modules/next/dist/server/next-server.js:392:26)
    at async DevServer.handleRequestImpl (file:///home/asepulvedadev/dev/getcave/node_modules/next/dist/server/base-server.js:940:28)
    at async (file:///home/asepulvedadev/dev/getcave/node_modules/next/dist/server/dev/next-dev-server.js:394:20)
    at async Span.traceAsyncFn (file:///home/asepulvedadev/dev/getcave/node_modules/next/dist/trace/trace.js:164:20)
    at async DevServer.handleRequest (file:///home/asepulvedadev/dev/getcave/node_modules/next/dist/server/dev/next-dev-server.js:390:24)
    at async handleRoute (file:///home/asepulvedadev/dev/getcave/node_modules/next/dist/server/lib/router-utils/resolve-routes.js:352:33)
    at async resolveRoutes (file:///home/asepulvedadev/dev/getcave/node_modules/next/dist/server/lib/router-utils/resolve-routes.js:608:28)
    at async handleRequest (file:///home/asepulvedadev/dev/getcave/node_modules/next/dist/server/lib/router-server.js:301:96)
    at async requestHandlerImpl (file:///home/asepulvedadev/dev/getcave/node_modules/next/dist/server/lib/router-server.js:501:13)
    at async Server.requestListener (file:///home/asepulvedadev/dev/getcave/node_modules/next/dist/server/lib/start-server.js:225:13)